Traceback (most recent call last):
  File "/Users/constantinpierer/opt/miniconda3/lib/python3.9/site-packages/jupyter_cache/executors/utils.py", line 58, in single_nb_execution
    executenb(
  File "/Users/constantinpierer/opt/miniconda3/lib/python3.9/site-packages/nbclient/client.py", line 1305, in execute
    return NotebookClient(nb=nb, resources=resources, km=km, **kwargs).execute()
  File "/Users/constantinpierer/opt/miniconda3/lib/python3.9/site-packages/jupyter_core/utils/__init__.py", line 166, in wrapped
    return loop.run_until_complete(inner)
  File "/Users/constantinpierer/opt/miniconda3/lib/python3.9/asyncio/base_events.py", line 647, in run_until_complete
    return future.result()
  File "/Users/constantinpierer/opt/miniconda3/lib/python3.9/site-packages/nbclient/client.py", line 705, in async_execute
    await self.async_execute_cell(
  File "/Users/constantinpierer/opt/miniconda3/lib/python3.9/site-packages/nbclient/client.py", line 1058, in async_execute_cell
    await self._check_raise_for_error(cell, cell_index, exec_reply)
  File "/Users/constantinpierer/opt/miniconda3/lib/python3.9/site-packages/nbclient/client.py", line 914, in _check_raise_for_error
    raise CellExecutionError.from_cell_and_msg(cell, exec_reply_content)
nbclient.exceptions.CellExecutionError: An error occurred while executing the following cell:
------------------
import sys
sys.path.append('/Users/constantinpierer/Documents/TU_Wien/Technische_Mathematik/7.Semester/Repositorys/myASC-ODE/mechsystem')
sys.path.append('../build/mechsystem')

from mass_spring import *
from pythreejs import *

import numpy as np
import matplotlib.pyplot as plt
from time import sleep
------------------


[0;31m---------------------------------------------------------------------------[0m
[0;31mModuleNotFoundError[0m                       Traceback (most recent call last)
Cell [0;32mIn[1], line 5[0m
[1;32m      2[0m sys[38;5;241m.[39mpath[38;5;241m.[39mappend([38;5;124m'[39m[38;5;124m/Users/constantinpierer/Documents/TU_Wien/Technische_Mathematik/7.Semester/Repositorys/myASC-ODE/mechsystem[39m[38;5;124m'[39m)
[1;32m      3[0m sys[38;5;241m.[39mpath[38;5;241m.[39mappend([38;5;124m'[39m[38;5;124m../build/mechsystem[39m[38;5;124m'[39m)
[0;32m----> 5[0m [38;5;28;01mfrom[39;00m[38;5;250m [39m[38;5;21;01mmass_spring[39;00m[38;5;250m [39m[38;5;28;01mimport[39;00m [38;5;241m*[39m
[1;32m      6[0m [38;5;28;01mfrom[39;00m[38;5;250m [39m[38;5;21;01mpythreejs[39;00m[38;5;250m [39m[38;5;28;01mimport[39;00m [38;5;241m*[39m
[1;32m      8[0m [38;5;28;01mimport[39;00m[38;5;250m [39m[38;5;21;01mnumpy[39;00m[38;5;250m [39m[38;5;28;01mas[39;00m[38;5;250m [39m[38;5;21;01mnp[39;00m

[0;31mModuleNotFoundError[0m: No module named 'mass_spring'

